<?xml version="1.0" encoding="UTF-8"?>
<testsuite xmlns:xsi="http://www.w3.org/2001/XMLSchema-instance" xsi:noNamespaceSchemaLocation="https://maven.apache.org/surefire/maven-surefire-plugin/xsd/surefire-test-report-3.0.xsd" version="3.0" name="com.gestaoprojetos.GestaoProjetosApplicationTests" time="3.874" tests="1" errors="0" skipped="0" failures="0">
  <properties>
[...]
</properties>
  <testcase name="contextLoads" classname="com.gestaoprojetos.GestaoProjetosApplicationTests" time="0.757">
    <system-out><![CDATA[2025-09-25T14:24:57.258-03:00  INFO 1080 --- [           main] t.c.s.AnnotationConfigContextLoaderUtils : Could not detect default configuration classes for test class [com.gestaoprojetos.GestaoProjetosApplicationTests]: GestaoProjetosApplicationTests does not declare any static, non-private, non-final, nested classes annotated with @Configuration.
2025-09-25T14:24:57.268-03:00  INFO 1080 --- [           main] .b.t.c.SpringBootTestContextBootstrapper : Found @SpringBootConfiguration com.gestaoprojetos.GestaoProjetosApplication for test class com.gestaoprojetos.GestaoProjetosApplicationTests

  .   ____          _            __ _ _
 /\\ / ___'_ __ _ _(_)_ __  __ _ \ \ \ \
( ( )\___ | '_ | '_| | '_ \/ _` | \ \ \ \
 \\/  ___)| |_)| | | | | || (_| |  ) ) ) )
  '  |____| .__|_| |_|_| |_\__, | / / / /
 =========|_|==============|___/=/_/_/_/
 :: Spring Boot ::                (v3.1.6)

2025-09-25T14:24:57.393-03:00  INFO 1080 --- [           main] c.g.GestaoProjetosApplicationTests       : Starting GestaoProjetosApplicationTests using Java 21.0.8 with PID 1080 (started by Gabriel in C:\Users\Gabriel\OneDrive\Área de Trabalho\FACULDADE GABRIEL\Segundo semestre\PROGRAMAÇÃO DE SOLUÇÕES COMPUTACIONAIS\ProjetoA3\GestaoDeProjetos-main\gestao-projetos)
2025-09-25T14:24:57.393-03:00  INFO 1080 --- [           main] c.g.GestaoProjetosApplicationTests       : The following 1 profile is active: "dev"
2025-09-25T14:24:57.802-03:00  INFO 1080 --- [           main] .s.d.r.c.RepositoryConfigurationDelegate : Bootstrapping Spring Data JPA repositories in DEFAULT mode.
2025-09-25T14:24:57.842-03:00  INFO 1080 --- [           main] .s.d.r.c.RepositoryConfigurationDelegate : Finished Spring Data repository scanning in 38 ms. Found 3 JPA repository interfaces.
2025-09-25T14:24:58.063-03:00  INFO 1080 --- [           main] o.hibernate.jpa.internal.util.LogHelper  : HHH000204: Processing PersistenceUnitInfo [name: default]
2025-09-25T14:24:58.075-03:00  INFO 1080 --- [           main] o.s.o.j.p.SpringPersistenceUnitInfo      : No LoadTimeWeaver setup: ignoring JPA class transformer
2025-09-25T14:24:58.075-03:00  INFO 1080 --- [           main] com.zaxxer.hikari.HikariDataSource       : HikariPool-2 - Starting...
2025-09-25T14:24:58.082-03:00  INFO 1080 --- [           main] com.zaxxer.hikari.pool.HikariPool        : HikariPool-2 - Added connection conn10: url=jdbc:h2:mem:516cd527-f932-42da-a055-c78d301a538e user=SA
2025-09-25T14:24:58.082-03:00  INFO 1080 --- [           main] com.zaxxer.hikari.HikariDataSource       : HikariPool-2 - Start completed.
2025-09-25T14:24:58.082-03:00  WARN 1080 --- [           main] org.hibernate.orm.deprecation            : HHH90000025: H2Dialect does not need to be specified explicitly using 'hibernate.dialect' (remove the property setting and it will be selected by default)
2025-09-25T14:24:58.207-03:00  INFO 1080 --- [           main] o.h.e.t.j.p.i.JtaPlatformInitiator       : HHH000489: No JTA platform available (set 'hibernate.transaction.jta.platform' to enable JTA platform integration)
2025-09-25T14:24:58.228-03:00  INFO 1080 --- [           main] j.LocalContainerEntityManagerFactoryBean : Initialized JPA EntityManagerFactory for persistence unit 'default'
2025-09-25T14:24:58.390-03:00  WARN 1080 --- [           main] JpaBaseConfiguration$JpaWebConfiguration : spring.jpa.open-in-view is enabled by default. Therefore, database queries may be performed during view rendering. Explicitly configure spring.jpa.open-in-view to disable this warning
2025-09-25T14:24:58.493-03:00  INFO 1080 --- [           main] o.s.s.web.DefaultSecurityFilterChain     : Will secure any request with [org.springframework.security.web.session.DisableEncodeUrlFilter@1bd5b1c8, org.springframework.security.web.context.request.async.WebAsyncManagerIntegrationFilter@569026df, org.springframework.security.web.context.SecurityContextHolderFilter@76685ab0, org.springframework.security.web.header.HeaderWriterFilter@6c4c32ff, org.springframework.security.web.csrf.CsrfFilter@6779959d, org.springframework.security.web.authentication.logout.LogoutFilter@6b3284, org.springframework.security.web.authentication.UsernamePasswordAuthenticationFilter@726d0482, org.springframework.security.web.authentication.ui.DefaultLoginPageGeneratingFilter@34f3c920, org.springframework.security.web.authentication.ui.DefaultLogoutPageGeneratingFilter@7896e96a, org.springframework.security.web.savedrequest.RequestCacheAwareFilter@7305a443, org.springframework.security.web.servletapi.SecurityContextHolderAwareRequestFilter@5d3f583d, org.springframework.security.web.authentication.AnonymousAuthenticationFilter@4e451f9a, org.springframework.security.web.access.ExceptionTranslationFilter@38568876, org.springframework.security.web.access.intercept.AuthorizationFilter@430dbcb0]
2025-09-25T14:24:59.202-03:00  INFO 1080 --- [           main] o.s.b.a.h2.H2ConsoleAutoConfiguration    : H2 console available at '/h2-console'. Database available at 'jdbc:h2:mem:516cd527-f932-42da-a055-c78d301a538e'
2025-09-25T14:24:59.340-03:00  INFO 1080 --- [           main] c.g.GestaoProjetosApplicationTests       : Started GestaoProjetosApplicationTests in 2.057 seconds (process running for 9.676)
]]></system-out>
    <system-err><![CDATA[WARNING: A Java agent has been loaded dynamically (C:\Users\Gabriel\.m2\repository\net\bytebuddy\byte-buddy-agent\1.14.10\byte-buddy-agent-1.14.10.jar)
WARNING: If a serviceability tool is in use, please run with -XX:+EnableDynamicAgentLoading to hide this warning
WARNING: If a serviceability tool is not in use, please run with -Djdk.instrument.traceUsage for more information
WARNING: Dynamic loading of agents will be disallowed by default in a future release
]]></system-err>
  </testcase>
</testsuite>